<?xml version="1.0" encoding="UTF-8"?>
<!-- Generated by org.testng.reporters.JUnitXMLReporter -->
<testsuite ignored="1" hostname="MacBook-Pro.ht.home" failures="0" tests="1" name="Default test" time="58.406" errors="0" timestamp="14 Aug 2024 03:58:00 GMT">
  <testcase classname="com.tutorialsninja.testcases.CompleteCheckoutTest" name="validateCompleteCheckoutWithGuestAccount" time="26.814"/>
  <testcase classname="com.tutorialsninja.testcases.CompleteCheckoutTest" name="validateCompleteCheckoutWithRegisteredAccount" time="0.0">
    <ignored/>
  </testcase> <!-- validateCompleteCheckoutWithRegisteredAccount -->
</testsuite> <!-- Default test -->
