<?xml version="1.0" encoding="UTF-8"?>
<!-- Generated by org.testng.reporters.JUnitXMLReporter -->
<testsuite ignored="1" hostname="MacBook-Pro.ht.home" failures="0" tests="1" name="Default test" time="51.623" errors="0" timestamp="26 Aug 2024 21:30:41 GMT">
  <testcase classname="com.tutorialsninja.testcases.CompleteCheckoutTest" name="validateCompleteCheckoutWithGuestAccount" time="47.306"/>
  <testcase classname="com.tutorialsninja.testcases.CompleteCheckoutTest" name="validateCompleteCheckoutWithRegisteredAccount" time="0.0">
    <ignored/>
  </testcase> <!-- validateCompleteCheckoutWithRegisteredAccount -->
</testsuite> <!-- Default test -->
