<?xml version="1.0" encoding="UTF-8"?>
<!-- Generated by org.testng.reporters.JUnitXMLReporter -->
<testsuite ignored="2" hostname="MacBook-Pro.ht.home" failures="0" tests="16" name="Test" time="98.571" errors="0" timestamp="13 Aug 2024 19:02:41 GMT">
  <testcase classname="com.tutorialsninja.testcases.LoginTest" name="verifyLoginWithValidCredentials" time="1.031"/>
  <testcase classname="com.tutorialsninja.testcases.SearchProductTest" name="verifySearchWithValidProduct" time="0.797"/>
  <testcase classname="com.tutorialsninja.testcases.CompleteCheckoutTest" name="validateCompleteCheckoutWithRegisteredAccount" time="10.13"/>
  <testcase classname="com.tutorialsninja.testcases.LoginTest" name="verifyLoginWithInalidCredentials" time="0.718"/>
  <testcase classname="com.tutorialsninja.testcases.SearchProductTest" name="verifySearchWithInvalidProduct" time="0.525"/>
  <testcase classname="com.tutorialsninja.testcases.RegisterTest" name="verifyRegisterWithAllDetails" time="1.416"/>
  <testcase classname="com.tutorialsninja.testcases.LoginTest" name="verifyLoginWithValidEmailAndInvalidPassword" time="0.741"/>
  <testcase classname="com.tutorialsninja.testcases.SearchProductTest" name="verifySearchWithNoProduct" time="0.405"/>
  <testcase classname="com.tutorialsninja.testcases.RegisterTest" name="verifyRegisterWithExistingEmail" time="1.017"/>
  <testcase classname="com.tutorialsninja.testcases.LoginTest" name="verifyLoginWithInvalidEmailAndValidPassword" time="0.804"/>
  <testcase classname="com.tutorialsninja.testcases.RegisterTest" name="verifyRegisterWithInvalidConfirmPassword" time="0.935"/>
  <testcase classname="com.tutorialsninja.testcases.LoginTest" name="verifyLoginWithNoCredentials" time="0.624"/>
  <testcase classname="com.tutorialsninja.testcases.RegisterTest" name="verifyRegisterWithNoDetails" time="0.558"/>
  <testcase classname="com.tutorialsninja.testcases.LoginTest" name="verifyLoginWithEmptyEmail" time="0.579"/>
  <testcase classname="com.tutorialsninja.testcases.RegisterTest" name="verifyRegisterWithoutClickingAgreePrivacyPolicy" time="0.767"/>
  <testcase classname="com.tutorialsninja.testcases.LoginTest" name="verifyLoginWithEmptyPassword" time="0.641"/>
  <testcase classname="com.tutorialsninja.testcases.RegisterTest" name="verifyRegisterWithMandatoryDetails" time="0.0">
    <ignored/>
  </testcase> <!-- verifyRegisterWithMandatoryDetails -->
  <testcase classname="com.tutorialsninja.testcases.CompleteCheckoutTest" name="validateCompleteCheckoutWithGuestAccount" time="0.0">
    <ignored/>
  </testcase> <!-- validateCompleteCheckoutWithGuestAccount -->
</testsuite> <!-- Test -->
