<?xml version="1.0" encoding="UTF-8"?>
<!-- Generated by org.testng.reporters.JUnitXMLReporter -->
<testsuite ignored="1" hostname="MacBook-Pro.ht.home" failures="0" tests="17" name="Test" time="110.95" errors="0" timestamp="2024-08-26T17:56:37 EDT">
  <testcase classname="com.tutorialsninja.testcases.LoginTest" name="verifyLoginWithValidCredentials" time="1.148"/>
  <testcase classname="com.tutorialsninja.testcases.LoginTest" name="verifyLoginWithInalidCredentials" time="0.741"/>
  <testcase classname="com.tutorialsninja.testcases.LoginTest" name="verifyLoginWithValidEmailAndInvalidPassword" time="1.006"/>
  <testcase classname="com.tutorialsninja.testcases.LoginTest" name="verifyLoginWithInvalidEmailAndValidPassword" time="0.748"/>
  <testcase classname="com.tutorialsninja.testcases.LoginTest" name="verifyLoginWithNoCredentials" time="0.915"/>
  <testcase classname="com.tutorialsninja.testcases.LoginTest" name="verifyLoginWithEmptyEmail" time="0.614"/>
  <testcase classname="com.tutorialsninja.testcases.LoginTest" name="verifyLoginWithEmptyPassword" time="0.586"/>
  <testcase classname="com.tutorialsninja.testcases.SearchProductTest" name="verifySearchWithValidProduct" time="0.951"/>
  <testcase classname="com.tutorialsninja.testcases.SearchProductTest" name="verifySearchWithInvalidProduct" time="0.527"/>
  <testcase classname="com.tutorialsninja.testcases.SearchProductTest" name="verifySearchWithNoProduct" time="0.444"/>
  <testcase classname="com.tutorialsninja.testcases.RegisterTest" name="verifyRegisterWithAllDetails" time="1.349"/>
  <testcase classname="com.tutorialsninja.testcases.RegisterTest" name="verifyRegisterWithExistingEmail" time="0.922"/>
  <testcase classname="com.tutorialsninja.testcases.RegisterTest" name="verifyRegisterWithInvalidConfirmPassword" time="0.953"/>
  <testcase classname="com.tutorialsninja.testcases.RegisterTest" name="verifyRegisterWithNoDetails" time="0.683"/>
  <testcase classname="com.tutorialsninja.testcases.RegisterTest" name="verifyRegisterWithoutClickingAgreePrivacyPolicy" time="0.818"/>
  <testcase classname="com.tutorialsninja.testcases.CompleteCheckoutTest" name="validateCompleteCheckoutWithRegisteredAccount" time="9.976"/>
  <testcase classname="com.tutorialsninja.testcases.CompleteCheckoutTest" name="validateCompleteCheckoutWithGuestAccount" time="8.824"/>
  <testcase classname="com.tutorialsninja.testcases.RegisterTest" name="verifyRegisterWithMandatoryDetails" time="0.0">
    <ignored/>
  </testcase> <!-- verifyRegisterWithMandatoryDetails -->
</testsuite> <!-- Test -->
