<?xml version="1.0" encoding="UTF-8"?>
<testsuite xmlns:xsi="http://www.w3.org/2001/XMLSchema-instance" xsi:noNamespaceSchemaLocation="https://maven.apache.org/surefire/maven-surefire-plugin/xsd/surefire-test-report.xsd" name="TestSuite" time="111.753" tests="17" errors="0" skipped="0" failures="0">
  <properties>
[...]
</properties>
  <testcase name="verifyLoginWithValidCredentials" classname="com.tutorialsninja.testcases.LoginTest" time="1.148"/>
  <testcase name="verifyLoginWithInalidCredentials" classname="com.tutorialsninja.testcases.LoginTest" time="0.741"/>
  <testcase name="verifyLoginWithValidEmailAndInvalidPassword" classname="com.tutorialsninja.testcases.LoginTest" time="1.007"/>
  <testcase name="verifyLoginWithInvalidEmailAndValidPassword" classname="com.tutorialsninja.testcases.LoginTest" time="0.749"/>
  <testcase name="verifyLoginWithNoCredentials" classname="com.tutorialsninja.testcases.LoginTest" time="0.915"/>
  <testcase name="verifyLoginWithEmptyEmail" classname="com.tutorialsninja.testcases.LoginTest" time="0.614"/>
  <testcase name="verifyLoginWithEmptyPassword" classname="com.tutorialsninja.testcases.LoginTest" time="0.586"/>
  <testcase name="verifySearchWithValidProduct" classname="com.tutorialsninja.testcases.SearchProductTest" time="0.951"/>
  <testcase name="verifySearchWithInvalidProduct" classname="com.tutorialsninja.testcases.SearchProductTest" time="0.526"/>
  <testcase name="verifySearchWithNoProduct" classname="com.tutorialsninja.testcases.SearchProductTest" time="0.444"/>
  <testcase name="verifyRegisterWithAllDetails" classname="com.tutorialsninja.testcases.RegisterTest" time="1.35"/>
  <testcase name="verifyRegisterWithExistingEmail" classname="com.tutorialsninja.testcases.RegisterTest" time="0.922"/>
  <testcase name="verifyRegisterWithInvalidConfirmPassword" classname="com.tutorialsninja.testcases.RegisterTest" time="0.952"/>
  <testcase name="verifyRegisterWithNoDetails" classname="com.tutorialsninja.testcases.RegisterTest" time="0.683"/>
  <testcase name="verifyRegisterWithoutClickingAgreePrivacyPolicy" classname="com.tutorialsninja.testcases.RegisterTest" time="0.818"/>
  <testcase name="validateCompleteCheckoutWithRegisteredAccount" classname="com.tutorialsninja.testcases.CompleteCheckoutTest" time="9.977"/>
  <testcase name="validateCompleteCheckoutWithGuestAccount" classname="com.tutorialsninja.testcases.CompleteCheckoutTest" time="8.824"/>
</testsuite>