<?xml version="1.0" encoding="UTF-8"?>
<testng-results ignored="1" total="2" passed="1" failed="0" skipped="0">
  <reporter-output>
  </reporter-output>
  <suite started-at="2024-08-01T21:11:42Z" name="Default suite" finished-at="2024-08-01T21:11:58Z" duration-ms="15645">
    <groups>
    </groups>
    <test started-at="2024-08-01T21:11:42Z" name="Default test" finished-at="2024-08-01T21:11:58Z" duration-ms="15645">
      <class name="com.tutorialsninja.testcases.CompleteCheckoutTest">
        <test-method is-config="true" signature="completeCheckoutSetup()[pri:0, instance:com.tutorialsninja.testcases.CompleteCheckoutTest@3e27aa33]" started-at="2024-08-01T17:11:42Z" name="completeCheckoutSetup" finished-at="2024-08-01T17:11:47Z" duration-ms="4773" status="PASS">
          <reporter-output>
          </reporter-output>
        </test-method> <!-- completeCheckoutSetup -->
        <test-method signature="validateCompleteCheckoutWithRegisteredAccount()[pri:1, instance:com.tutorialsninja.testcases.CompleteCheckoutTest@3e27aa33]" started-at="2024-08-01T17:11:47Z" name="validateCompleteCheckoutWithRegisteredAccount" finished-at="2024-08-01T17:11:58Z" duration-ms="10764" status="PASS">
          <reporter-output>
          </reporter-output>
        </test-method> <!-- validateCompleteCheckoutWithRegisteredAccount -->
        <test-method is-config="true" signature="tearDown()[pri:0, instance:com.tutorialsninja.testcases.CompleteCheckoutTest@3e27aa33]" started-at="2024-08-01T17:11:58Z" name="tearDown" finished-at="2024-08-01T17:11:58Z" duration-ms="99" status="PASS">
          <reporter-output>
          </reporter-output>
        </test-method> <!-- tearDown -->
      </class> <!-- com.tutorialsninja.testcases.CompleteCheckoutTest -->
    </test> <!-- Default test -->
  </suite> <!-- Default suite -->
</testng-results>
